#
# There is insufficient memory for the Java Runtime Environment to continue.
# Native memory allocation (malloc) failed to allocate 32744 bytes for ChunkPool::allocate
# Possible reasons:
#   The system is out of physical RAM or swap space
#   The process is running with CompressedOops enabled, and the Java Heap may be blocking the growth of the native heap
# Possible solutions:
#   Reduce memory load on the system
#   Increase physical memory or swap space
#   Check if swap backing store is full
#   Decrease Java heap size (-Xmx/-Xms)
#   Decrease number of Java threads
#   Decrease Java thread stack sizes (-Xss)
#   Set larger code cache with -XX:ReservedCodeCacheSize=
#   JVM is running with Unscaled Compressed Oops mode in which the Java heap is
#     placed in the first 4GB address space. The Java Heap base address is the
#     maximum limit for the native heap growth. Please use -XX:HeapBaseMinAddress
#     to set the Java Heap base and to place the Java Heap above 4GB virtual address.
# This output file may be truncated or incomplete.
#
#  Out of Memory Error (allocation.cpp:272), pid=13424, tid=0x0000000000002f6c
#
# JRE version: OpenJDK Runtime Environment (8.0_242-b01) (build 1.8.0_242-release-1644-b01)
# Java VM: OpenJDK 64-Bit Server VM (25.242-b01 mixed mode windows-amd64 compressed oops)
# Failed to write core dump. Minidumps are not enabled by default on client versions of Windows
#

---------------  T H R E A D  ---------------

Current thread (0x0000000017973000):  JavaThread "C2 CompilerThread0" daemon [_thread_in_native, id=12140, stack(0x0000000018fe0000,0x00000000190e0000)]

Stack: [0x0000000018fe0000,0x00000000190e0000]
[error occurred during error reporting (printing stack bounds), id 0xc0000005]

Native frames: (J=compiled Java code, j=interpreted, Vv=VM code, C=native code)


Current CompileTask:
C2:  15979 1510   !   4       java.net.URLClassLoader$1::run (63 bytes)


---------------  P R O C E S S  ---------------

Java Threads: ( => current thread )
  0x000000001a770000 JavaThread "File lock request listener" [_thread_in_native, id=15528, stack(0x000000001e930000,0x000000001ea30000)]
  0x000000001bef4800 JavaThread "Cache worker for journal cache (C:\Users\hala\.gradle\caches\journal-1)" [_thread_blocked, id=9628, stack(0x000000001d760000,0x000000001d860000)]
  0x00000000194b6800 JavaThread "Thread-9" [_thread_blocked, id=14060, stack(0x000000001d460000,0x000000001d560000)]
  0x00000000195d6000 JavaThread "Stdin handler" [_thread_blocked, id=912, stack(0x000000001d360000,0x000000001d460000)]
  0x00000000195e4000 JavaThread "Asynchronous log dispatcher for DefaultDaemonConnection: socket connection from /127.0.0.1:33230 to /127.0.0.1:33231" [_thread_blocked, id=9228, stack(0x000000001d260000,0x000000001d360000)]
  0x000000001a3e7800 JavaThread "Daemon worker" [_thread_in_native, id=14184, stack(0x000000001d160000,0x000000001d260000)]
  0x000000001a3e6800 JavaThread "Cancel handler" [_thread_blocked, id=6460, stack(0x000000001d060000,0x000000001d160000)]
  0x000000001a8d5800 JavaThread "Handler for socket connection from /127.0.0.1:33230 to /127.0.0.1:33231" [_thread_in_native, id=14648, stack(0x000000001cf60000,0x000000001d060000)]
  0x000000001a8d0000 JavaThread "Daemon" [_thread_blocked, id=12396, stack(0x000000001ce60000,0x000000001cf60000)]
  0x000000001a3d2000 JavaThread "Daemon periodic checks" [_thread_blocked, id=5328, stack(0x000000001cb60000,0x000000001cc60000)]
  0x000000001a8a1000 JavaThread "Incoming local TCP Connector on port 33230" [_thread_in_native, id=2392, stack(0x000000001c920000,0x000000001ca20000)]
  0x0000000019395000 JavaThread "Daemon health stats" [_thread_blocked, id=14956, stack(0x000000001c2e0000,0x000000001c3e0000)]
  0x0000000019308800 JavaThread "Service Thread" daemon [_thread_blocked, id=2188, stack(0x00000000196e0000,0x00000000197e0000)]
  0x000000001798b800 JavaThread "C1 CompilerThread2" daemon [_thread_blocked, id=16968, stack(0x00000000191e0000,0x00000000192e0000)]
  0x000000001797d000 JavaThread "C2 CompilerThread1" daemon [_thread_in_native, id=13892, stack(0x00000000190e0000,0x00000000191e0000)]
=>0x0000000017973000 JavaThread "C2 CompilerThread0" daemon [_thread_in_native, id=12140, stack(0x0000000018fe0000,0x00000000190e0000)]
  0x0000000017979800 JavaThread "Attach Listener" daemon [_thread_blocked, id=17088, stack(0x0000000018ee0000,0x0000000018fe0000)]
  0x0000000017976800 JavaThread "Signal Dispatcher" daemon [_thread_blocked, id=4116, stack(0x0000000018de0000,0x0000000018ee0000)]
  0x0000000002c6b000 JavaThread "Finalizer" daemon [_thread_blocked, id=13640, stack(0x0000000018be0000,0x0000000018ce0000)]
  0x0000000017959000 JavaThread "Reference Handler" daemon [_thread_blocked, id=17328, stack(0x0000000018ae0000,0x0000000018be0000)]
  0x0000000002e4e000 JavaThread "main" [_thread_blocked, id=11260, stack(0x00000000012a0000,0x00000000013a0000)]

Other Threads:
  0x0000000017936800 VMThread [stack: 0x00000000189e0000,0x0000000018ae0000] [id=12380]
  0x0000000019309000 WatcherThread [stack: 0x00000000197e0000,0x00000000198e0000] [id=8288]

VM state:not at safepoint (normal execution)

VM Mutex/Monitor currently owned by a thread: None

heap address: 0x0000000080000000, size: 2048 MB, Compressed Oops mode: 32-bit
Narrow klass base: 0x0000000000000000, Narrow klass shift: 3
Compressed class space size: 1073741824 Address: 0x0000000100000000

Heap:
 PSYoungGen      total 70656K, used 6178K [0x00000000d5580000, 0x00000000d9f80000, 0x0000000100000000)
  eden space 65536K, 9% used [0x00000000d5580000,0x00000000d5b889c8,0x00000000d9580000)
  from space 5120K, 0% used [0x00000000d9a80000,0x00000000d9a80000,0x00000000d9f80000)
  to   space 5120K, 0% used [0x00000000d9580000,0x00000000d9580000,0x00000000d9a80000)
 ParOldGen       total 45056K, used 6448K [0x0000000080000000, 0x0000000082c00000, 0x00000000d5580000)
  object space 45056K, 14% used [0x0000000080000000,0x000000008064c088,0x0000000082c00000)
 Metaspace       used 14603K, capacity 15082K, committed 15232K, reserved 1062912K
  class space    used 1990K, capacity 2153K, committed 2176K, reserved 1048576K

Card table byte_map: [0x0000000012210000,0x0000000012620000] byte_map_base: 0x0000000011e10000

Marking Bits: (ParMarkBitMap*) 0x00000000548cf030
 Begin Bits: [0x0000000012bd0000, 0x0000000014bd0000)
 End Bits:   [0x0000000014bd0000, 0x0000000016bd0000)

Polling page: 0x0000000000f20000

CodeCache: size=245760Kb used=5320Kb max_used=5332Kb free=240439Kb
 bounds [0x0000000002e50000, 0x0000000003390000, 0x0000000011e50000]
 total_blobs=1887 nmethods=1505 adapters=295
 compilation: enabled

Compilation events (10 events):
Event: 15.556 Thread 0x000000001798b800 nmethod 1504 0x0000000003382e50 code [0x0000000003382fa0, 0x0000000003383090]
Event: 15.564 Thread 0x000000001797d000 nmethod 1490 0x0000000003386550 code [0x00000000033866e0, 0x0000000003386ed8]
Event: 15.583 Thread 0x000000001798b800 1506       1       org.gradle.internal.service.AbstractServiceMethod::getParameterTypes (5 bytes)
Event: 15.583 Thread 0x000000001798b800 nmethod 1506 0x0000000003386290 code [0x00000000033863e0, 0x00000000033864f0]
Event: 15.583 Thread 0x000000001798b800 1507       1       org.gradle.internal.service.DefaultServiceRegistry::access$1600 (5 bytes)
Event: 15.583 Thread 0x000000001798b800 nmethod 1507 0x0000000003385fd0 code [0x0000000003386120, 0x0000000003386210]
Event: 15.585 Thread 0x0000000017973000 1508       4       java.util.jar.JarFile::maybeInstantiateVerifier (96 bytes)
Event: 15.588 Thread 0x000000001797d000 1509       4       java.net.URLClassLoader$1::run (5 bytes)
Event: 15.603 Thread 0x0000000017973000 nmethod 1508 0x0000000003384150 code [0x00000000033842e0, 0x0000000003384738]
Event: 15.603 Thread 0x0000000017973000 1510   !   4       java.net.URLClassLoader$1::run (63 bytes)

GC Heap History (10 events):
Event: 1.053 GC heap before
{Heap before GC invocations=1 (full 0):
 PSYoungGen      total 37888K, used 32768K [0x00000000d5580000, 0x00000000d7f80000, 0x0000000100000000)
  eden space 32768K, 100% used [0x00000000d5580000,0x00000000d7580000,0x00000000d7580000)
  from space 5120K, 0% used [0x00000000d7a80000,0x00000000d7a80000,0x00000000d7f80000)
  to   space 5120K, 0% used [0x00000000d7580000,0x00000000d7580000,0x00000000d7a80000)
 ParOldGen       total 86016K, used 0K [0x0000000080000000, 0x0000000085400000, 0x00000000d5580000)
  object space 86016K, 0% used [0x0000000080000000,0x0000000080000000,0x0000000085400000)
 Metaspace       used 7224K, capacity 7442K, committed 7680K, reserved 1056768K
  class space    used 890K, capacity 973K, committed 1024K, reserved 1048576K
Event: 1.060 GC heap after
Heap after GC invocations=1 (full 0):
 PSYoungGen      total 37888K, used 4382K [0x00000000d5580000, 0x00000000d7f80000, 0x0000000100000000)
  eden space 32768K, 0% used [0x00000000d5580000,0x00000000d5580000,0x00000000d7580000)
  from space 5120K, 85% used [0x00000000d7580000,0x00000000d79c79a8,0x00000000d7a80000)
  to   space 5120K, 0% used [0x00000000d7a80000,0x00000000d7a80000,0x00000000d7f80000)
 ParOldGen       total 86016K, used 8K [0x0000000080000000, 0x0000000085400000, 0x00000000d5580000)
  object space 86016K, 0% used [0x0000000080000000,0x0000000080002000,0x0000000085400000)
 Metaspace       used 7224K, capacity 7442K, committed 7680K, reserved 1056768K
  class space    used 890K, capacity 973K, committed 1024K, reserved 1048576K
}
Event: 1.363 GC heap before
{Heap before GC invocations=2 (full 0):
 PSYoungGen      total 37888K, used 37150K [0x00000000d5580000, 0x00000000d7f80000, 0x0000000100000000)
  eden space 32768K, 100% used [0x00000000d5580000,0x00000000d7580000,0x00000000d7580000)
  from space 5120K, 85% used [0x00000000d7580000,0x00000000d79c79a8,0x00000000d7a80000)
  to   space 5120K, 0% used [0x00000000d7a80000,0x00000000d7a80000,0x00000000d7f80000)
 ParOldGen       total 86016K, used 8K [0x0000000080000000, 0x0000000085400000, 0x00000000d5580000)
  object space 86016K, 0% used [0x0000000080000000,0x0000000080002000,0x0000000085400000)
 Metaspace       used 7455K, capacity 7658K, committed 7936K, reserved 1056768K
  class space    used 912K, capacity 981K, committed 1024K, reserved 1048576K
Event: 1.422 GC heap after
Heap after GC invocations=2 (full 0):
 PSYoungGen      total 37888K, used 3233K [0x00000000d5580000, 0x00000000d9f80000, 0x0000000100000000)
  eden space 32768K, 0% used [0x00000000d5580000,0x00000000d5580000,0x00000000d7580000)
  from space 5120K, 63% used [0x00000000d7a80000,0x00000000d7da85e8,0x00000000d7f80000)
  to   space 5120K, 0% used [0x00000000d7580000,0x00000000d7580000,0x00000000d7a80000)
 ParOldGen       total 86016K, used 16K [0x0000000080000000, 0x0000000085400000, 0x00000000d5580000)
  object space 86016K, 0% used [0x0000000080000000,0x0000000080004000,0x0000000085400000)
 Metaspace       used 7455K, capacity 7658K, committed 7936K, reserved 1056768K
  class space    used 912K, capacity 981K, committed 1024K, reserved 1048576K
}
Event: 8.706 GC heap before
{Heap before GC invocations=3 (full 0):
 PSYoungGen      total 37888K, used 36001K [0x00000000d5580000, 0x00000000d9f80000, 0x0000000100000000)
  eden space 32768K, 100% used [0x00000000d5580000,0x00000000d7580000,0x00000000d7580000)
  from space 5120K, 63% used [0x00000000d7a80000,0x00000000d7da85e8,0x00000000d7f80000)
  to   space 5120K, 0% used [0x00000000d7580000,0x00000000d7580000,0x00000000d7a80000)
 ParOldGen       total 86016K, used 16K [0x0000000080000000, 0x0000000085400000, 0x00000000d5580000)
  object space 86016K, 0% used [0x0000000080000000,0x0000000080004000,0x0000000085400000)
 Metaspace       used 12089K, capacity 12432K, committed 12544K, reserved 1060864K
  class space    used 1610K, capacity 1726K, committed 1792K, reserved 1048576K
Event: 8.713 GC heap after
Heap after GC invocations=3 (full 0):
 PSYoungGen      total 37888K, used 5120K [0x00000000d5580000, 0x00000000d9f80000, 0x0000000100000000)
  eden space 32768K, 0% used [0x00000000d5580000,0x00000000d5580000,0x00000000d7580000)
  from space 5120K, 100% used [0x00000000d7580000,0x00000000d7a80000,0x00000000d7a80000)
  to   space 5120K, 0% used [0x00000000d9a80000,0x00000000d9a80000,0x00000000d9f80000)
 ParOldGen       total 86016K, used 1077K [0x0000000080000000, 0x0000000085400000, 0x00000000d5580000)
  object space 86016K, 1% used [0x0000000080000000,0x000000008010d458,0x0000000085400000)
 Metaspace       used 12089K, capacity 12432K, committed 12544K, reserved 1060864K
  class space    used 1610K, capacity 1726K, committed 1792K, reserved 1048576K
}
Event: 15.161 GC heap before
{Heap before GC invocations=4 (full 0):
 PSYoungGen      total 37888K, used 31380K [0x00000000d5580000, 0x00000000d9f80000, 0x0000000100000000)
  eden space 32768K, 80% used [0x00000000d5580000,0x00000000d6f252d0,0x00000000d7580000)
  from space 5120K, 100% used [0x00000000d7580000,0x00000000d7a80000,0x00000000d7a80000)
  to   space 5120K, 0% used [0x00000000d9a80000,0x00000000d9a80000,0x00000000d9f80000)
 ParOldGen       total 86016K, used 1077K [0x0000000080000000, 0x0000000085400000, 0x00000000d5580000)
  object space 86016K, 1% used [0x0000000080000000,0x000000008010d458,0x0000000085400000)
 Metaspace       used 14089K, capacity 14492K, committed 14592K, reserved 1062912K
  class space    used 1930K, capacity 2044K, committed 2048K, reserved 1048576K
Event: 15.183 GC heap after
Heap after GC invocations=4 (full 0):
 PSYoungGen      total 70656K, used 5103K [0x00000000d5580000, 0x00000000d9f80000, 0x0000000100000000)
  eden space 65536K, 0% used [0x00000000d5580000,0x00000000d5580000,0x00000000d9580000)
  from space 5120K, 99% used [0x00000000d9a80000,0x00000000d9f7bef0,0x00000000d9f80000)
  to   space 5120K, 0% used [0x00000000d9580000,0x00000000d9580000,0x00000000d9a80000)
 ParOldGen       total 86016K, used 2553K [0x0000000080000000, 0x0000000085400000, 0x00000000d5580000)
  object space 86016K, 2% used [0x0000000080000000,0x000000008027e770,0x0000000085400000)
 Metaspace       used 14089K, capacity 14492K, committed 14592K, reserved 1062912K
  class space    used 1930K, capacity 2044K, committed 2048K, reserved 1048576K
}
Event: 15.183 GC heap before
{Heap before GC invocations=5 (full 1):
 PSYoungGen      total 70656K, used 5103K [0x00000000d5580000, 0x00000000d9f80000, 0x0000000100000000)
  eden space 65536K, 0% used [0x00000000d5580000,0x00000000d5580000,0x00000000d9580000)
  from space 5120K, 99% used [0x00000000d9a80000,0x00000000d9f7bef0,0x00000000d9f80000)
  to   space 5120K, 0% used [0x00000000d9580000,0x00000000d9580000,0x00000000d9a80000)
 ParOldGen       total 86016K, used 2553K [0x0000000080000000, 0x0000000085400000, 0x00000000d5580000)
  object space 86016K, 2% used [0x0000000080000000,0x000000008027e770,0x0000000085400000)
 Metaspace       used 14089K, capacity 14492K, committed 14592K, reserved 1062912K
  class space    used 1930K, capacity 2044K, committed 2048K, reserved 1048576K
Event: 15.256 GC heap after
Heap after GC invocations=5 (full 1):
 PSYoungGen      total 70656K, used 0K [0x00000000d5580000, 0x00000000d9f80000, 0x0000000100000000)
  eden space 65536K, 0% used [0x00000000d5580000,0x00000000d5580000,0x00000000d9580000)
  from space 5120K, 0% used [0x00000000d9a80000,0x00000000d9a80000,0x00000000d9f80000)
  to   space 5120K, 0% used [0x00000000d9580000,0x00000000d9580000,0x00000000d9a80000)
 ParOldGen       total 45056K, used 6448K [0x0000000080000000, 0x0000000082c00000, 0x00000000d5580000)
  object space 45056K, 14% used [0x0000000080000000,0x000000008064c088,0x0000000082c00000)
 Metaspace       used 14089K, capacity 14492K, committed 14592K, reserved 1062912K
  class space    used 1930K, capacity 2044K, committed 2048K, reserved 1048576K
}

Deoptimization events (10 events):
Event: 8.599 Thread 0x000000001a8d5800 Uncommon trap: reason=unstable_if action=reinterpret pc=0x000000000326a628 method=java.util.concurrent.ConcurrentHashMap.putVal(Ljava/lang/Object;Ljava/lang/Object;Z)Ljava/lang/Object; @ 206
Event: 8.732 Thread 0x000000001a3e7800 Uncommon trap: reason=bimorphic action=maybe_recompile pc=0x0000000003190b80 method=java.util.HashMap.putVal(ILjava/lang/Object;Ljava/lang/Object;ZZ)Ljava/lang/Object; @ 253
Event: 8.732 Thread 0x000000001a3e7800 Uncommon trap: reason=bimorphic action=maybe_recompile pc=0x0000000003190b80 method=java.util.HashMap.putVal(ILjava/lang/Object;Ljava/lang/Object;ZZ)Ljava/lang/Object; @ 253
Event: 8.732 Thread 0x000000001a3e7800 Uncommon trap: reason=bimorphic action=maybe_recompile pc=0x0000000003190b80 method=java.util.HashMap.putVal(ILjava/lang/Object;Ljava/lang/Object;ZZ)Ljava/lang/Object; @ 253
Event: 8.732 Thread 0x000000001a3e7800 Uncommon trap: reason=bimorphic action=maybe_recompile pc=0x0000000003190b80 method=java.util.HashMap.putVal(ILjava/lang/Object;Ljava/lang/Object;ZZ)Ljava/lang/Object; @ 253
Event: 8.732 Thread 0x000000001a3e7800 Uncommon trap: reason=bimorphic action=maybe_recompile pc=0x0000000003188e40 method=java.util.HashMap.putVal(ILjava/lang/Object;Ljava/lang/Object;ZZ)Ljava/lang/Object; @ 253
Event: 15.002 Thread 0x000000001a3e7800 Uncommon trap: reason=class_check action=maybe_recompile pc=0x00000000031988d8 method=java.util.regex.Matcher.match(II)Z @ 86
Event: 15.004 Thread 0x000000001a3e7800 Uncommon trap: reason=class_check action=maybe_recompile pc=0x00000000031988d8 method=java.util.regex.Matcher.match(II)Z @ 86
Event: 15.005 Thread 0x000000001a3e7800 Uncommon trap: reason=class_check action=maybe_recompile pc=0x00000000031988d8 method=java.util.regex.Matcher.match(II)Z @ 86
Event: 15.006 Thread 0x000000001a3e7800 Uncommon trap: reason=class_check action=maybe_recompile pc=0x0000000003011c50 method=java.util.regex.Matcher.match(II)Z @ 86

Classes redefined (0 events):
No events

Internal exceptions (10 events):
Event: 0.856 Thread 0x0000000002e4e000 Exception <a 'java/lang/ArrayIndexOutOfBoundsException'> (0x00000000d6b89f88) thrown at [C:\src\AOSP-openjdk-git\hotspot\src\share\vm\runtime\sharedRuntime.cpp, line 605]
Event: 0.857 Thread 0x0000000002e4e000 Exception <a 'java/lang/ArrayIndexOutOfBoundsException'> (0x00000000d6b8d420) thrown at [C:\src\AOSP-openjdk-git\hotspot\src\share\vm\runtime\sharedRuntime.cpp, line 605]
Event: 6.977 Thread 0x0000000002e4e000 Exception <a 'java/io/IOException'> (0x00000000d7213f48) thrown at [C:\src\AOSP-openjdk-git\hotspot\src\share\vm\prims\jni.cpp, line 710]
Event: 8.600 Thread 0x000000001a8d5800 Exception <a 'java/lang/NoSuchMethodError': <clinit>> (0x00000000d741b358) thrown at [C:\src\AOSP-openjdk-git\hotspot\src\share\vm\prims\jni.cpp, line 1615]
Event: 8.602 Thread 0x000000001a8d5800 Exception <a 'java/lang/NoSuchMethodError': <clinit>> (0x00000000d7424a60) thrown at [C:\src\AOSP-openjdk-git\hotspot\src\share\vm\prims\jni.cpp, line 1615]
Event: 8.604 Thread 0x000000001a8d5800 Exception <a 'java/lang/NoSuchMethodError': <clinit>> (0x00000000d7439030) thrown at [C:\src\AOSP-openjdk-git\hotspot\src\share\vm\prims\jni.cpp, line 1615]
Event: 8.616 Thread 0x000000001a8d5800 Exception <a 'java/lang/NoSuchMethodError': <clinit>> (0x00000000d74a6090) thrown at [C:\src\AOSP-openjdk-git\hotspot\src\share\vm\prims\jni.cpp, line 1615]
Event: 8.683 Thread 0x000000001a8d5800 Exception <a 'java/lang/NoSuchMethodError': <clinit>> (0x00000000d74e05c8) thrown at [C:\src\AOSP-openjdk-git\hotspot\src\share\vm\prims\jni.cpp, line 1615]
Event: 8.690 Thread 0x000000001a8d5800 Exception <a 'java/lang/NoSuchMethodError': <clinit>> (0x00000000d75161d0) thrown at [C:\src\AOSP-openjdk-git\hotspot\src\share\vm\prims\jni.cpp, line 1615]
Event: 8.692 Thread 0x000000001a8d5800 Exception <a 'java/lang/NoSuchMethodError': <clinit>> (0x00000000d7522730) thrown at [C:\src\AOSP-openjdk-git\hotspot\src\share\vm\prims\jni.cpp, line 1615]

Events (10 events):
Event: 15.881 loading class kotlin/collections/CollectionsKt__MutableCollectionsKt
Event: 15.881 loading class kotlin/collections/CollectionsKt__MutableCollectionsKt done
Event: 15.896 loading class kotlin/collections/CollectionsKt__MutableCollectionsJVMKt
Event: 15.896 loading class kotlin/collections/CollectionsKt__MutableCollectionsJVMKt done
Event: 15.896 loading class kotlin/collections/CollectionsKt__IteratorsKt
Event: 15.896 loading class kotlin/collections/CollectionsKt__IteratorsKt done
Event: 15.922 loading class kotlin/collections/CollectionsKt__IteratorsJVMKt
Event: 15.922 loading class kotlin/collections/CollectionsKt__IteratorsJVMKt done
Event: 15.934 loading class kotlin/collections/CollectionsKt__IterablesKt
Event: 15.934 loading class kotlin/collections/CollectionsKt__IterablesKt done


Dynamic libraries:
0x00007ff6c7b00000 - 0x00007ff6c7b31000 	C:\Program Files\Android\Android Studio\jre\bin\java.exe
0x00007ff9e3280000 - 0x00007ff9e3470000 	C:\WINDOWS\SYSTEM32\ntdll.dll
0x00007ff9e2820000 - 0x00007ff9e28d2000 	C:\WINDOWS\System32\KERNEL32.DLL
0x00007ff9e0e10000 - 0x00007ff9e10b5000 	C:\WINDOWS\System32\KERNELBASE.dll
0x00007ff9e2700000 - 0x00007ff9e27a3000 	C:\WINDOWS\System32\ADVAPI32.dll
0x00007ff9e1550000 - 0x00007ff9e15ee000 	C:\WINDOWS\System32\msvcrt.dll
0x00007ff9e14b0000 - 0x00007ff9e1547000 	C:\WINDOWS\System32\sechost.dll
0x00007ff9e2f00000 - 0x00007ff9e3020000 	C:\WINDOWS\System32\RPCRT4.dll
0x00007ff9e1fe0000 - 0x00007ff9e2174000 	C:\WINDOWS\System32\USER32.dll
0x00007ff9e0bc0000 - 0x00007ff9e0be1000 	C:\WINDOWS\System32\win32u.dll
0x00007ff9e31b0000 - 0x00007ff9e31d6000 	C:\WINDOWS\System32\GDI32.dll
0x00007ff9e0c70000 - 0x00007ff9e0e06000 	C:\WINDOWS\System32\gdi32full.dll
0x00007ff9e0a20000 - 0x00007ff9e0abe000 	C:\WINDOWS\System32\msvcp_win.dll
0x00007ff9e0ac0000 - 0x00007ff9e0bba000 	C:\WINDOWS\System32\ucrtbase.dll
0x00007ff9cb400000 - 0x00007ff9cb684000 	C:\WINDOWS\WinSxS\amd64_microsoft.windows.common-controls_6595b64144ccf1df_6.0.18362.1139_none_9e7bf2d3e4605ac6\COMCTL32.dll
0x00007ff9e2180000 - 0x00007ff9e24b5000 	C:\WINDOWS\System32\combase.dll
0x00007ff9e0bf0000 - 0x00007ff9e0c70000 	C:\WINDOWS\System32\bcryptPrimitives.dll
0x00007ff9e2ed0000 - 0x00007ff9e2efe000 	C:\WINDOWS\System32\IMM32.DLL
0x0000000054020000 - 0x00000000540f2000 	C:\Program Files\Android\Android Studio\jre\jre\bin\msvcr100.dll
0x0000000054100000 - 0x000000005494b000 	C:\Program Files\Android\Android Studio\jre\jre\bin\server\jvm.dll
0x00007ff9e26f0000 - 0x00007ff9e26f8000 	C:\WINDOWS\System32\PSAPI.DLL
0x00007ff9ce8e0000 - 0x00007ff9ce8e9000 	C:\WINDOWS\SYSTEM32\WSOCK32.dll
0x00007ff9e2680000 - 0x00007ff9e26ef000 	C:\WINDOWS\System32\WS2_32.dll
0x00007ff9dc7b0000 - 0x00007ff9dc7d4000 	C:\WINDOWS\SYSTEM32\WINMM.dll
0x00007ff9d6540000 - 0x00007ff9d654a000 	C:\WINDOWS\SYSTEM32\VERSION.dll
0x00007ff9dc750000 - 0x00007ff9dc77d000 	C:\WINDOWS\SYSTEM32\WINMMBASE.dll
0x00007ff9e1190000 - 0x00007ff9e11da000 	C:\WINDOWS\System32\cfgmgr32.dll
0x00007ff9db8a0000 - 0x00007ff9db8af000 	C:\Program Files\Android\Android Studio\jre\jre\bin\verify.dll
0x00007ff9cafd0000 - 0x00007ff9caff9000 	C:\Program Files\Android\Android Studio\jre\jre\bin\java.dll
0x00007ff9d6040000 - 0x00007ff9d6056000 	C:\Program Files\Android\Android Studio\jre\jre\bin\zip.dll
0x00007ff9e18f0000 - 0x00007ff9e1fd7000 	C:\WINDOWS\System32\SHELL32.dll
0x00007ff9e3100000 - 0x00007ff9e31a9000 	C:\WINDOWS\System32\shcore.dll
0x00007ff9e02a0000 - 0x00007ff9e0a20000 	C:\WINDOWS\System32\windows.storage.dll
0x00007ff9e01c0000 - 0x00007ff9e01e3000 	C:\WINDOWS\System32\profapi.dll
0x00007ff9e0150000 - 0x00007ff9e019a000 	C:\WINDOWS\System32\powrprof.dll
0x00007ff9e0140000 - 0x00007ff9e0150000 	C:\WINDOWS\System32\UMPDC.dll
0x00007ff9e3020000 - 0x00007ff9e3072000 	C:\WINDOWS\System32\shlwapi.dll
0x00007ff9e01a0000 - 0x00007ff9e01b1000 	C:\WINDOWS\System32\kernel.appcore.dll
0x00007ff9e1170000 - 0x00007ff9e1187000 	C:\WINDOWS\System32\cryptsp.dll
0x00007ff9d55c0000 - 0x00007ff9d55da000 	C:\Program Files\Android\Android Studio\jre\jre\bin\net.dll
0x00007ff9df990000 - 0x00007ff9df9f7000 	C:\WINDOWS\system32\mswsock.dll
0x00007ff9d36d0000 - 0x00007ff9d36e3000 	C:\Program Files\Android\Android Studio\jre\jre\bin\nio.dll
0x00007ff9b69b0000 - 0x00007ff9b69d7000 	C:\Users\hala\.gradle\native\f6784746aeab05261644944871eae4fe03e0ef1612fff0a4a95f87b438bc6780\windows-amd64\native-platform.dll
0x00007ff9d6c00000 - 0x00007ff9d6c0d000 	C:\Program Files\Android\Android Studio\jre\jre\bin\management.dll
0x00007ff9df500000 - 0x00007ff9df533000 	C:\WINDOWS\system32\rsaenh.dll
0x00007ff9e0210000 - 0x00007ff9e0236000 	C:\WINDOWS\System32\bcrypt.dll
0x00007ff9e0020000 - 0x00007ff9e0045000 	C:\WINDOWS\SYSTEM32\USERENV.dll
0x00007ff9dfb60000 - 0x00007ff9dfb6c000 	C:\WINDOWS\SYSTEM32\CRYPTBASE.dll
0x00007ff9df6a0000 - 0x00007ff9df6da000 	C:\WINDOWS\SYSTEM32\IPHLPAPI.DLL
0x00007ff9e15f0000 - 0x00007ff9e15f8000 	C:\WINDOWS\System32\NSI.dll
0x00007ff9dace0000 - 0x00007ff9dacf6000 	C:\WINDOWS\SYSTEM32\dhcpcsvc6.DLL
0x00007ff9dacb0000 - 0x00007ff9daccc000 	C:\WINDOWS\SYSTEM32\dhcpcsvc.DLL
0x00007ff9df6e0000 - 0x00007ff9df7ab000 	C:\WINDOWS\SYSTEM32\DNSAPI.dll
0x00007ff9dad90000 - 0x00007ff9dad9b000 	C:\WINDOWS\SYSTEM32\WINNSI.DLL

VM Arguments:
jvm_args: -Xmx2048m -Dfile.encoding=UTF-8 -Duser.country=US -Duser.language=en -Duser.variant 
java_command: org.gradle.launcher.daemon.bootstrap.GradleDaemon 6.5
java_class_path (initial): C:\Users\hala\.gradle\wrapper\dists\gradle-6.5-bin\6nifqtx7604sqp1q6g8wikw7p\gradle-6.5\lib\gradle-launcher-6.5.jar
Launcher Type: SUN_STANDARD

Environment Variables:
JAVA_HOME=C:\DevSuiteHome_1\jdk\bin
PATH=C:\DevSuiteHome_1\jdk\jre\bin\classic;C:\DevSuiteHome_1\jdk\jre\bin;C:\DevSuiteHome_1\jdk\jre\bin\client;C:\DevSuiteHome_1\jlib;C:\DevSuiteHome_1\bin;C:\DevSuiteHome_1\jre\1.4.2\bin\client;C:\DevSuiteHome_1\jre\1.4.2\bin;C:\oracle\product\10.2.0\db_1\bin;C:\WINDOWS\system32;C:\WINDOWS;C:\WINDOWS\System32\Wbem;C:\WINDOWS\System32\WindowsPowerShell\v1.0\;C:\Program Files (x86)\Common Files\lenovo\easyplussdk\bin;C:\WINDOWS\System32\OpenSSH\;C:\Program Files\Intel\WiFi\bin\;C:\Program Files\Common Files\Intel\WirelessCommon\;C:\Users\hala\AppData\Local\Microsoft\WindowsApps;
USERNAME=hamzeh
OS=Windows_NT
PROCESSOR_IDENTIFIER=Intel64 Family 6 Model 78 Stepping 3, GenuineIntel



---------------  S Y S T E M  ---------------

OS: Windows 10.0 , 64 bit Build 18362 (10.0.18362.1110)

CPU:total 4 (initial active 4) (2 cores per cpu, 2 threads per core) family 6 model 78 stepping 3, cmov, cx8, fxsr, mmx, sse, sse2, sse3, ssse3, sse4.1, sse4.2, popcnt, avx, avx2, aes, clmul, erms, 3dnowpref, lzcnt, ht, tsc, tscinvbit, bmi1, bmi2, adx

Memory: 4k page, physical 8245152k(1907108k free), swap 10293152k(1880k free)

vm_info: OpenJDK 64-Bit Server VM (25.242-b01) for windows-amd64 JRE (1.8.0_242-release-1644-b01), built by "builder" with MS VC++ 10.0 (VS2010)

time: Tue Oct 27 14:01:53 2020
timezone: Jordan Daylight Time
elapsed time: 16 seconds (0d 0h 0m 16s)

