#
# There is insufficient memory for the Java Runtime Environment to continue.
# Native memory allocation (malloc) failed to allocate 1442176 bytes for Chunk::new
# Possible reasons:
#   The system is out of physical RAM or swap space
#   The process is running with CompressedOops enabled, and the Java Heap may be blocking the growth of the native heap
# Possible solutions:
#   Reduce memory load on the system
#   Increase physical memory or swap space
#   Check if swap backing store is full
#   Decrease Java heap size (-Xmx/-Xms)
#   Decrease number of Java threads
#   Decrease Java thread stack sizes (-Xss)
#   Set larger code cache with -XX:ReservedCodeCacheSize=
#   JVM is running with Unscaled Compressed Oops mode in which the Java heap is
#     placed in the first 4GB address space. The Java Heap base address is the
#     maximum limit for the native heap growth. Please use -XX:HeapBaseMinAddress
#     to set the Java Heap base and to place the Java Heap above 4GB virtual address.
# This output file may be truncated or incomplete.
#
#  Out of Memory Error (allocation.cpp:389), pid=9932, tid=0x0000000000003640
#
# JRE version: OpenJDK Runtime Environment (8.0_242-b01) (build 1.8.0_242-release-1644-b01)
# Java VM: OpenJDK 64-Bit Server VM (25.242-b01 mixed mode windows-amd64 compressed oops)
# Failed to write core dump. Minidumps are not enabled by default on client versions of Windows
#

---------------  T H R E A D  ---------------

Current thread (0x0000000016fc3000):  JavaThread "C2 CompilerThread0" daemon [_thread_in_native, id=13888, stack(0x0000000018630000,0x0000000018730000)]

Stack: [0x0000000018630000,0x0000000018730000]
[error occurred during error reporting (printing stack bounds), id 0xc0000005]

Native frames: (J=compiled Java code, j=interpreted, Vv=VM code, C=native code)


Current CompileTask:
C2: 131902 11982 %     4       com.android.tools.r8.ir.regalloc.a::a @ 2154 (3992 bytes)


---------------  P R O C E S S  ---------------

Java Threads: ( => current thread )
  0x000000001f5b7800 JavaThread "WorkerExecutor Queue Thread 5" [_thread_blocked, id=12352, stack(0x0000000020230000,0x0000000020330000)]
  0x000000001f5b7000 JavaThread "stdout" [_thread_in_native, id=7108, stack(0x000000002a340000,0x000000002a440000)]
  0x000000001f5b5800 JavaThread "stderr" [_thread_in_native, id=14984, stack(0x000000002a240000,0x000000002a340000)]
  0x000000001f5b6000 JavaThread "stdout" [_thread_in_native, id=12896, stack(0x000000002a140000,0x000000002a240000)]
  0x000000001f5b3000 JavaThread "stderr" [_thread_in_native, id=5324, stack(0x000000002a040000,0x000000002a140000)]
  0x000000001f5b4800 JavaThread "stdout" [_thread_in_native, id=12864, stack(0x0000000029f40000,0x000000002a040000)]
  0x000000001f5b2800 JavaThread "stderr" [_thread_in_native, id=12024, stack(0x0000000029e40000,0x0000000029f40000)]
  0x000000001f5c5800 JavaThread "stdout" [_thread_in_native, id=10384, stack(0x0000000029d40000,0x0000000029e40000)]
  0x000000001f5c4000 JavaThread "stderr" [_thread_in_native, id=15124, stack(0x0000000029c40000,0x0000000029d40000)]
  0x000000001f5c3000 JavaThread "pool-2-thread-1" [_thread_blocked, id=8640, stack(0x0000000029b40000,0x0000000029c40000)]
  0x000000001f5c6000 JavaThread "WorkerExecutor Queue Thread 4" [_thread_blocked, id=2900, stack(0x0000000029a40000,0x0000000029b40000)]
  0x000000001f5c2800 JavaThread "WorkerExecutor Queue Thread 3" [_thread_blocked, id=12228, stack(0x0000000029940000,0x0000000029a40000)]
  0x000000001f5c7800 JavaThread "WorkerExecutor Queue Thread 2" [_thread_blocked, id=356, stack(0x0000000029840000,0x0000000029940000)]
  0x000000001f5c4800 JavaThread "Cache worker for execution history cache (C:\Users\hala\AndroidStudioProjects\AboutUs2\.gradle\6.5\executionHistory)" [_thread_blocked, id=14932, stack(0x0000000029240000,0x0000000029340000)]
  0x00000000196d7000 JavaThread "Execution worker for ':' Thread 3" [_thread_blocked, id=5288, stack(0x0000000029140000,0x0000000029240000)]
  0x00000000196d9800 JavaThread "Execution worker for ':' Thread 2" [_thread_blocked, id=10992, stack(0x0000000029040000,0x0000000029140000)]
  0x00000000196d8800 JavaThread "Execution worker for ':'" [_thread_blocked, id=7764, stack(0x0000000028f40000,0x0000000029040000)]
  0x00000000196d6800 JavaThread "Cache worker for file content cache (C:\Users\hala\AndroidStudioProjects\AboutUs2\.gradle\6.5\fileContent)" [_thread_blocked, id=10024, stack(0x000000001c950000,0x000000001ca50000)]
  0x00000000196d5800 JavaThread "Memory manager" [_thread_blocked, id=14740, stack(0x00000000007f0000,0x00000000008f0000)]
  0x00000000196da000 JavaThread "Cache worker for Build Output Cleanup Cache (C:\Users\hala\AndroidStudioProjects\AboutUs2\.gradle\buildOutputCleanup)" [_thread_blocked, id=2432, stack(0x00000000006f0000,0x00000000007f0000)]
  0x00000000196ce000 JavaThread "jar transforms Thread 92" [_thread_blocked, id=8360, stack(0x0000000027840000,0x0000000027940000)]
  0x000000001b0ad000 JavaThread "Build operations Thread 4" [_thread_in_Java, id=15192, stack(0x0000000021d40000,0x0000000021e40000)]
  0x000000001b0b1000 JavaThread "Build operations Thread 3" [_thread_in_Java, id=15012, stack(0x0000000021c40000,0x0000000021d40000)]
  0x000000001b0b0000 JavaThread "Build operations Thread 2" [_thread_in_Java, id=1120, stack(0x0000000021b40000,0x0000000021c40000)]
  0x000000001b0af800 JavaThread "Build operations" [_thread_blocked, id=8444, stack(0x0000000021a40000,0x0000000021b40000)]
  0x0000000018b55800 JavaThread "Cache worker for file content cache (C:\Users\hala\.gradle\caches\6.5\fileContent)" [_thread_blocked, id=1308, stack(0x0000000021340000,0x0000000021440000)]
  0x0000000018b51800 JavaThread "Cache worker for execution history cache (C:\Users\hala\.gradle\caches\6.5\executionHistory)" [_thread_blocked, id=15084, stack(0x000000001eb60000,0x000000001ec60000)]
  0x0000000018b58800 JavaThread "Cache worker for cache directory md-rule (C:\Users\hala\.gradle\caches\6.5\md-rule)" [_thread_blocked, id=12184, stack(0x000000001ea60000,0x000000001eb60000)]
  0x0000000018b57800 JavaThread "Cache worker for cache directory md-supplier (C:\Users\hala\.gradle\caches\6.5\md-supplier)" [_thread_blocked, id=14224, stack(0x000000001e960000,0x000000001ea60000)]
  0x0000000018b54000 JavaThread "Cache worker for checksums cache (C:\Users\hala\AndroidStudioProjects\AboutUs2\.gradle\checksums)" [_thread_blocked, id=14040, stack(0x000000001e860000,0x000000001e960000)]
  0x0000000018b57000 JavaThread "Cache worker for file hash cache (C:\Users\hala\AndroidStudioProjects\AboutUs2\.gradle\6.5\fileHashes)" [_thread_blocked, id=14964, stack(0x000000001e560000,0x000000001e660000)]
  0x0000000018b52800 JavaThread "Cache worker for file hash cache (C:\Users\hala\.gradle\caches\6.5\fileHashes)" [_thread_blocked, id=14888, stack(0x000000001cf50000,0x000000001d050000)]
  0x0000000018b56000 JavaThread "File lock request listener" [_thread_in_native, id=13576, stack(0x000000001d090000,0x000000001d190000)]
  0x0000000019f1b000 JavaThread "Cache worker for journal cache (C:\Users\hala\.gradle\caches\journal-1)" [_thread_blocked, id=480, stack(0x000000001cd50000,0x000000001ce50000)]
  0x0000000019144000 JavaThread "Thread-9" [_thread_blocked, id=6776, stack(0x000000001ca50000,0x000000001cb50000)]
  0x0000000019142800 JavaThread "Asynchronous log dispatcher for DefaultDaemonConnection: socket connection from /127.0.0.1:2690 to /127.0.0.1:2692" [_thread_blocked, id=11760, stack(0x000000001c850000,0x000000001c950000)]
  0x0000000019140800 JavaThread "Daemon worker" [_thread_blocked, id=13752, stack(0x000000001c750000,0x000000001c850000)]
  0x000000001aa37000 JavaThread "Cancel handler" [_thread_blocked, id=8844, stack(0x000000001c650000,0x000000001c750000)]
  0x000000001a9cd800 JavaThread "Handler for socket connection from /127.0.0.1:2690 to /127.0.0.1:2692" [_thread_in_native, id=13980, stack(0x000000001c350000,0x000000001c450000)]
  0x000000001a9c8000 JavaThread "Daemon" [_thread_blocked, id=13368, stack(0x000000001c250000,0x000000001c350000)]
  0x000000001a9a3800 JavaThread "Daemon periodic checks" [_thread_blocked, id=13008, stack(0x000000001c150000,0x000000001c250000)]
  0x000000001a961000 JavaThread "Incoming local TCP Connector on port 2690" [_thread_in_native, id=2492, stack(0x000000001bf10000,0x000000001c010000)]
  0x000000001a8e9800 JavaThread "Daemon health stats" [_thread_blocked, id=12976, stack(0x000000001b8d0000,0x000000001b9d0000)]
  0x0000000018963800 JavaThread "Service Thread" daemon [_thread_blocked, id=6212, stack(0x0000000018d30000,0x0000000018e30000)]
  0x0000000016fd2800 JavaThread "C1 CompilerThread2" daemon [_thread_in_native, id=14608, stack(0x0000000018830000,0x0000000018930000)]
  0x0000000016fcb000 JavaThread "C2 CompilerThread1" daemon [_thread_in_native, id=11404, stack(0x0000000018730000,0x0000000018830000)]
=>0x0000000016fc3000 JavaThread "C2 CompilerThread0" daemon [_thread_in_native, id=13888, stack(0x0000000018630000,0x0000000018730000)]
  0x0000000016fc6800 JavaThread "Attach Listener" daemon [_thread_blocked, id=2756, stack(0x0000000018530000,0x0000000018630000)]
  0x0000000016fc5800 JavaThread "Signal Dispatcher" daemon [_thread_blocked, id=5840, stack(0x0000000018430000,0x0000000018530000)]
  0x000000000239b800 JavaThread "Finalizer" daemon [_thread_blocked, id=9724, stack(0x0000000018230000,0x0000000018330000)]
  0x0000000016fa9000 JavaThread "Reference Handler" daemon [_thread_blocked, id=6476, stack(0x0000000018130000,0x0000000018230000)]
  0x000000000219e000 JavaThread "main" [_thread_blocked, id=14960, stack(0x00000000021a0000,0x00000000022a0000)]

Other Threads:
  0x0000000016f86800 VMThread [stack: 0x0000000018030000,0x0000000018130000] [id=14728]
  0x0000000018966000 WatcherThread [stack: 0x0000000018e30000,0x0000000018f30000] [id=10716]

VM state:not at safepoint (normal execution)

VM Mutex/Monitor currently owned by a thread: None

heap address: 0x0000000080000000, size: 2048 MB, Compressed Oops mode: 32-bit
Narrow klass base: 0x0000000000000000, Narrow klass shift: 3
Compressed class space size: 1073741824 Address: 0x0000000100000000

Heap:
 PSYoungGen      total 108544K, used 49441K [0x00000000d5580000, 0x00000000df080000, 0x0000000100000000)
  eden space 73728K, 58% used [0x00000000d5580000,0x00000000d7f90490,0x00000000d9d80000)
  from space 34816K, 18% used [0x00000000d9d80000,0x00000000da3b8030,0x00000000dbf80000)
  to   space 34816K, 0% used [0x00000000dce80000,0x00000000dce80000,0x00000000df080000)
 ParOldGen       total 108032K, used 67478K [0x0000000080000000, 0x0000000086980000, 0x00000000d5580000)
  object space 108032K, 62% used [0x0000000080000000,0x00000000841e5b68,0x0000000086980000)
 Metaspace       used 80486K, capacity 85060K, committed 85144K, reserved 1122304K
  class space    used 11037K, capacity 11941K, committed 11952K, reserved 1048576K

Card table byte_map: [0x0000000011760000,0x0000000011b70000] byte_map_base: 0x0000000011360000

Marking Bits: (ParMarkBitMap*) 0x000000006a18f030
 Begin Bits: [0x0000000012220000, 0x0000000014220000)
 End Bits:   [0x0000000014220000, 0x0000000016220000)

Polling page: 0x0000000000aa0000

CodeCache: size=245760Kb used=35650Kb max_used=35650Kb free=210109Kb
 bounds [0x00000000023a0000, 0x00000000046a0000, 0x00000000113a0000]
 total_blobs=11837 nmethods=11004 adapters=743
 compilation: enabled

Compilation events (10 events):
Event: 131.841 Thread 0x0000000016fd2800 12651       2       java.util.PriorityQueue::grow (49 bytes)
Event: 131.842 Thread 0x0000000016fd2800 nmethod 12651 0x0000000004678650 code [0x00000000046787c0, 0x0000000004678a58]
Event: 131.843 Thread 0x0000000016fd2800 12653       2       com.android.tools.r8.ir.optimize.d0$$Lambda$1169/1657822218::test (12 bytes)
Event: 131.843 Thread 0x0000000016fd2800 nmethod 12653 0x0000000004678150 code [0x00000000046782e0, 0x0000000004678528]
Event: 131.845 Thread 0x0000000016fd2800 12654       1       com.android.tools.r8.s.b.o1::D2 (2 bytes)
Event: 131.845 Thread 0x0000000016fd2800 nmethod 12654 0x0000000004677e90 code [0x0000000004677fe0, 0x00000000046780f0]
Event: 131.847 Thread 0x0000000016fd2800 12655       2       com.android.tools.r8.p.n.w::a (61 bytes)
Event: 131.848 Thread 0x0000000016fd2800 nmethod 12655 0x0000000004679310 code [0x0000000004679520, 0x0000000004679dc8]
Event: 131.848 Thread 0x0000000016fd2800 12656       2       com.android.tools.r8.ir.conversion.N::a (72 bytes)
Event: 131.849 Thread 0x0000000016fd2800 nmethod 12656 0x000000000467a650 code [0x000000000467a840, 0x000000000467ae38]

GC Heap History (10 events):
Event: 122.122 GC heap before
{Heap before GC invocations=32 (full 3):
 PSYoungGen      total 84480K, used 75443K [0x00000000d5580000, 0x00000000dce00000, 0x0000000100000000)
  eden space 50688K, 99% used [0x00000000d5580000,0x00000000d86ff100,0x00000000d8700000)
  from space 33792K, 73% used [0x00000000da980000,0x00000000dc1adbb0,0x00000000dca80000)
  to   space 35328K, 0% used [0x00000000d8700000,0x00000000d8700000,0x00000000da980000)
 ParOldGen       total 108032K, used 36106K [0x0000000080000000, 0x0000000086980000, 0x00000000d5580000)
  object space 108032K, 33% used [0x0000000080000000,0x0000000082342a28,0x0000000086980000)
 Metaspace       used 71828K, capacity 75328K, committed 75544K, reserved 1114112K
  class space    used 9800K, capacity 10477K, committed 10544K, reserved 1048576K
Event: 122.143 GC heap after
Heap after GC invocations=32 (full 3):
 PSYoungGen      total 86016K, used 21926K [0x00000000d5580000, 0x00000000dd700000, 0x0000000100000000)
  eden space 50688K, 0% used [0x00000000d5580000,0x00000000d5580000,0x00000000d8700000)
  from space 35328K, 62% used [0x00000000d8700000,0x00000000d9c69b30,0x00000000da980000)
  to   space 35840K, 0% used [0x00000000db400000,0x00000000db400000,0x00000000dd700000)
 ParOldGen       total 108032K, used 43106K [0x0000000080000000, 0x0000000086980000, 0x00000000d5580000)
  object space 108032K, 39% used [0x0000000080000000,0x0000000082a18bd0,0x0000000086980000)
 Metaspace       used 71828K, capacity 75328K, committed 75544K, reserved 1114112K
  class space    used 9800K, capacity 10477K, committed 10544K, reserved 1048576K
}
Event: 125.149 GC heap before
{Heap before GC invocations=33 (full 3):
 PSYoungGen      total 86016K, used 72613K [0x00000000d5580000, 0x00000000dd700000, 0x0000000100000000)
  eden space 50688K, 99% used [0x00000000d5580000,0x00000000d86ffbd8,0x00000000d8700000)
  from space 35328K, 62% used [0x00000000d8700000,0x00000000d9c69b30,0x00000000da980000)
  to   space 35840K, 0% used [0x00000000db400000,0x00000000db400000,0x00000000dd700000)
 ParOldGen       total 108032K, used 43106K [0x0000000080000000, 0x0000000086980000, 0x00000000d5580000)
  object space 108032K, 39% used [0x0000000080000000,0x0000000082a18bd0,0x0000000086980000)
 Metaspace       used 74295K, capacity 78212K, committed 78488K, reserved 1116160K
  class space    used 10173K, capacity 10899K, committed 10928K, reserved 1048576K
Event: 125.178 GC heap after
Heap after GC invocations=33 (full 3):
 PSYoungGen      total 96256K, used 22976K [0x00000000d5580000, 0x00000000dd800000, 0x0000000100000000)
  eden space 60416K, 0% used [0x00000000d5580000,0x00000000d5580000,0x00000000d9080000)
  from space 35840K, 64% used [0x00000000db400000,0x00000000dca70118,0x00000000dd700000)
  to   space 36352K, 0% used [0x00000000d9080000,0x00000000d9080000,0x00000000db400000)
 ParOldGen       total 108032K, used 50716K [0x0000000080000000, 0x0000000086980000, 0x00000000d5580000)
  object space 108032K, 46% used [0x0000000080000000,0x0000000083187128,0x0000000086980000)
 Metaspace       used 74295K, capacity 78212K, committed 78488K, reserved 1116160K
  class space    used 10173K, capacity 10899K, committed 10928K, reserved 1048576K
}
Event: 130.274 GC heap before
{Heap before GC invocations=34 (full 3):
 PSYoungGen      total 96256K, used 83392K [0x00000000d5580000, 0x00000000dd800000, 0x0000000100000000)
  eden space 60416K, 100% used [0x00000000d5580000,0x00000000d9080000,0x00000000d9080000)
  from space 35840K, 64% used [0x00000000db400000,0x00000000dca70118,0x00000000dd700000)
  to   space 36352K, 0% used [0x00000000d9080000,0x00000000d9080000,0x00000000db400000)
 ParOldGen       total 108032K, used 50716K [0x0000000080000000, 0x0000000086980000, 0x00000000d5580000)
  object space 108032K, 46% used [0x0000000080000000,0x0000000083187128,0x0000000086980000)
 Metaspace       used 78966K, capacity 83458K, committed 83608K, reserved 1120256K
  class space    used 10945K, capacity 11826K, committed 11952K, reserved 1048576K
Event: 130.310 GC heap after
Heap after GC invocations=34 (full 3):
 PSYoungGen      total 96768K, used 22098K [0x00000000d5580000, 0x00000000de300000, 0x0000000100000000)
  eden space 60416K, 0% used [0x00000000d5580000,0x00000000d5580000,0x00000000d9080000)
  from space 36352K, 60% used [0x00000000d9080000,0x00000000da614940,0x00000000db400000)
  to   space 36352K, 0% used [0x00000000dbf80000,0x00000000dbf80000,0x00000000de300000)
 ParOldGen       total 108032K, used 53989K [0x0000000080000000, 0x0000000086980000, 0x00000000d5580000)
  object space 108032K, 49% used [0x0000000080000000,0x00000000834b9488,0x0000000086980000)
 Metaspace       used 78966K, capacity 83458K, committed 83608K, reserved 1120256K
  class space    used 10945K, capacity 11826K, committed 11952K, reserved 1048576K
}
Event: 131.291 GC heap before
{Heap before GC invocations=35 (full 3):
 PSYoungGen      total 96768K, used 82514K [0x00000000d5580000, 0x00000000de300000, 0x0000000100000000)
  eden space 60416K, 100% used [0x00000000d5580000,0x00000000d9080000,0x00000000d9080000)
  from space 36352K, 60% used [0x00000000d9080000,0x00000000da614940,0x00000000db400000)
  to   space 36352K, 0% used [0x00000000dbf80000,0x00000000dbf80000,0x00000000de300000)
 ParOldGen       total 108032K, used 53989K [0x0000000080000000, 0x0000000086980000, 0x00000000d5580000)
  object space 108032K, 49% used [0x0000000080000000,0x00000000834b9488,0x0000000086980000)
 Metaspace       used 80003K, capacity 84588K, committed 84888K, reserved 1122304K
  class space    used 11011K, capacity 11907K, committed 11952K, reserved 1048576K
Event: 131.322 GC heap after
Heap after GC invocations=35 (full 3):
 PSYoungGen      total 109056K, used 18386K [0x00000000d5580000, 0x00000000de200000, 0x0000000100000000)
  eden space 73728K, 0% used [0x00000000d5580000,0x00000000d5580000,0x00000000d9d80000)
  from space 35328K, 52% used [0x00000000dbf80000,0x00000000dd174938,0x00000000de200000)
  to   space 34816K, 0% used [0x00000000d9d80000,0x00000000d9d80000,0x00000000dbf80000)
 ParOldGen       total 108032K, used 55813K [0x0000000080000000, 0x0000000086980000, 0x00000000d5580000)
  object space 108032K, 51% used [0x0000000080000000,0x0000000083681728,0x0000000086980000)
 Metaspace       used 80003K, capacity 84588K, committed 84888K, reserved 1122304K
  class space    used 11011K, capacity 11907K, committed 11952K, reserved 1048576K
}
Event: 131.758 GC heap before
{Heap before GC invocations=36 (full 3):
 PSYoungGen      total 109056K, used 92114K [0x00000000d5580000, 0x00000000de200000, 0x0000000100000000)
  eden space 73728K, 100% used [0x00000000d5580000,0x00000000d9d80000,0x00000000d9d80000)
  from space 35328K, 52% used [0x00000000dbf80000,0x00000000dd174938,0x00000000de200000)
  to   space 34816K, 0% used [0x00000000d9d80000,0x00000000d9d80000,0x00000000dbf80000)
 ParOldGen       total 108032K, used 55813K [0x0000000080000000, 0x0000000086980000, 0x00000000d5580000)
  object space 108032K, 51% used [0x0000000080000000,0x0000000083681728,0x0000000086980000)
 Metaspace       used 80429K, capacity 85016K, committed 85144K, reserved 1122304K
  class space    used 11034K, capacity 11909K, committed 11952K, reserved 1048576K
Event: 131.785 GC heap after
Heap after GC invocations=36 (full 3):
 PSYoungGen      total 108544K, used 6368K [0x00000000d5580000, 0x00000000df080000, 0x0000000100000000)
  eden space 73728K, 0% used [0x00000000d5580000,0x00000000d5580000,0x00000000d9d80000)
  from space 34816K, 18% used [0x00000000d9d80000,0x00000000da3b8030,0x00000000dbf80000)
  to   space 34816K, 0% used [0x00000000dce80000,0x00000000dce80000,0x00000000df080000)
 ParOldGen       total 108032K, used 67478K [0x0000000080000000, 0x0000000086980000, 0x00000000d5580000)
  object space 108032K, 62% used [0x0000000080000000,0x00000000841e5b68,0x0000000086980000)
 Metaspace       used 80429K, capacity 85016K, committed 85144K, reserved 1122304K
  class space    used 11034K, capacity 11909K, committed 11952K, reserved 1048576K
}

Deoptimization events (10 events):
Event: 130.828 Thread 0x000000001b0b0000 Uncommon trap: reason=bimorphic action=maybe_recompile pc=0x000000000419ceb8 method=com.android.tools.r8.s.b.s1.a(Lcom/android/tools/r8/s/a/p/u;)Lcom/android/tools/r8/s/b/s1; @ 12
Event: 130.828 Thread 0x000000001b0b0000 Uncommon trap: reason=bimorphic action=maybe_recompile pc=0x000000000419ceb8 method=com.android.tools.r8.s.b.s1.a(Lcom/android/tools/r8/s/a/p/u;)Lcom/android/tools/r8/s/b/s1; @ 12
Event: 130.828 Thread 0x000000001b0b0000 Uncommon trap: reason=bimorphic action=maybe_recompile pc=0x000000000419ceb8 method=com.android.tools.r8.s.b.s1.a(Lcom/android/tools/r8/s/a/p/u;)Lcom/android/tools/r8/s/b/s1; @ 12
Event: 130.828 Thread 0x000000001b0b0000 Uncommon trap: reason=bimorphic action=maybe_recompile pc=0x000000000419ceb8 method=com.android.tools.r8.s.b.s1.a(Lcom/android/tools/r8/s/a/p/u;)Lcom/android/tools/r8/s/b/s1; @ 12
Event: 130.925 Thread 0x000000001b0b0000 Uncommon trap: reason=bimorphic action=maybe_recompile pc=0x000000000423b5ac method=com.android.tools.r8.s.b.s1.a(Lcom/android/tools/r8/s/a/p/u;)Lcom/android/tools/r8/s/b/s1; @ 12
Event: 130.927 Thread 0x000000001b0b0000 Uncommon trap: reason=unstable_if action=reinterpret pc=0x0000000004223c34 method=com.android.tools.r8.ir.regalloc.a.a(I)I @ 12
Event: 131.035 Thread 0x000000001b0ad000 Uncommon trap: reason=unstable_if action=reinterpret pc=0x0000000004490590 method=com.android.tools.r8.ir.regalloc.b.g(I)Lcom/android/tools/r8/ir/regalloc/b; @ 153
Event: 131.037 Thread 0x000000001b0ad000 Uncommon trap: reason=unstable_if action=reinterpret pc=0x0000000002deafd0 method=java.util.HashMap.getNode(ILjava/lang/Object;)Ljava/util/HashMap$Node; @ 84
Event: 131.148 Thread 0x000000001b0ad000 Uncommon trap: reason=unstable_if action=reinterpret pc=0x00000000044a3fc4 method=com.android.tools.r8.ir.regalloc.b.compareTo(Ljava/lang/Object;)I @ 87
Event: 131.750 Thread 0x000000001b0b1000 Uncommon trap: reason=unstable_if action=reinterpret pc=0x0000000002d4bf84 method=com.android.tools.r8.graph.i0.a([C)I @ 29

Classes redefined (0 events):
No events

Internal exceptions (10 events):
Event: 121.521 Thread 0x000000001b0ad000 Exception <a 'sun/nio/fs/WindowsException'> (0x00000000d7cb7cf0) thrown at [C:\src\AOSP-openjdk-git\hotspot\src\share\vm\prims\jni.cpp, line 710]
Event: 121.521 Thread 0x000000001b0b0000 Exception <a 'sun/nio/fs/WindowsException'> (0x00000000d7af9ec0) thrown at [C:\src\AOSP-openjdk-git\hotspot\src\share\vm\prims\jni.cpp, line 710]
Event: 122.208 Thread 0x000000001b0b1000 Exception <a 'sun/nio/fs/WindowsException'> (0x00000000d5671b88) thrown at [C:\src\AOSP-openjdk-git\hotspot\src\share\vm\prims\jni.cpp, line 710]
Event: 124.779 Thread 0x000000001b0ad000 Exception <a 'java/lang/IncompatibleClassChangeError': Found class java.lang.Object, but interface was expected> (0x00000000d7a1b670) thrown at [C:\src\AOSP-openjdk-git\hotspot\src\share\vm\interpreter\linkResolver.cpp, line 653]
Event: 124.779 Thread 0x000000001b0b0000 Exception <a 'java/lang/IncompatibleClassChangeError': Found class java.lang.Object, but interface was expected> (0x00000000d72c5770) thrown at [C:\src\AOSP-openjdk-git\hotspot\src\share\vm\interpreter\linkResolver.cpp, line 653]
Event: 128.273 Thread 0x000000001b0b0000 Exception <a 'java/lang/NoSuchMethodError': java.lang.Object.b(Lcom/android/tools/r8/graph/n1$b;)Lcom/android/tools/r8/graph/n1$b;> (0x00000000d7a286f8) thrown at [C:\src\AOSP-openjdk-git\hotspot\src\share\vm\interpreter\linkResolver.cpp, line 620]
Event: 128.687 Thread 0x000000001b0ad000 Exception <a 'java/lang/NoSuchMethodError': java.lang.Object.lambda$comparingInt$7b0bb60$1(Ljava/util/function/ToIntFunction;Ljava/lang/Object;Ljava/lang/Object;)I> (0x00000000d7c88db8) thrown at [C:\src\AOSP-openjdk-git\hotspot\src\share\vm\interpreter\l
Event: 128.687 Thread 0x000000001b0b1000 Exception <a 'java/lang/NoSuchMethodError': java.lang.Object.lambda$comparingInt$7b0bb60$1(Ljava/util/function/ToIntFunction;Ljava/lang/Object;Ljava/lang/Object;)I> (0x00000000d7c573a0) thrown at [C:\src\AOSP-openjdk-git\hotspot\src\share\vm\interpreter\l
Event: 128.688 Thread 0x000000001b0ad000 Exception <a 'java/lang/NoSuchMethodError': java.lang.Object.lambda$maxBy$1(Ljava/util/Comparator;Ljava/lang/Object;Ljava/lang/Object;)Ljava/lang/Object;> (0x00000000d7c8d6e8) thrown at [C:\src\AOSP-openjdk-git\hotspot\src\share\vm\interpreter\linkResolve
Event: 128.688 Thread 0x000000001b0b1000 Exception <a 'java/lang/NoSuchMethodError': java.lang.Object.lambda$maxBy$1(Ljava/util/Comparator;Ljava/lang/Object;Ljava/lang/Object;)Ljava/lang/Object;> (0x00000000d7c5bc08) thrown at [C:\src\AOSP-openjdk-git\hotspot\src\share\vm\interpreter\linkResolve

Events (10 events):
Event: 131.756 loading class com/android/tools/r8/t/a/a/a/h/N$c
Event: 131.756 loading class com/android/tools/r8/t/a/a/a/h/N$c done
Event: 131.758 loading class com/android/tools/r8/t/a/a/a/h/N$b
Event: 131.758 loading class com/android/tools/r8/t/a/a/a/h/N$b done
Event: 131.758 Executing VM operation: ParallelGCFailedAllocation
Event: 131.785 Executing VM operation: ParallelGCFailedAllocation done
Event: 131.785 loading class com/android/tools/r8/t/a/a/a/h/N$f
Event: 131.785 loading class com/android/tools/r8/t/a/a/a/h/N$f done
Event: 131.814 loading class com/android/tools/r8/ir/conversion/I
Event: 131.814 loading class com/android/tools/r8/ir/conversion/I done


Dynamic libraries:
0x00007ff765840000 - 0x00007ff765871000 	C:\Program Files\Android\Android Studio\jre\bin\java.exe
0x00007ff889cc0000 - 0x00007ff889eb0000 	C:\WINDOWS\SYSTEM32\ntdll.dll
0x00007ff888ce0000 - 0x00007ff888d92000 	C:\WINDOWS\System32\KERNEL32.DLL
0x00007ff886ca0000 - 0x00007ff886f45000 	C:\WINDOWS\System32\KERNELBASE.dll
0x00007ff889bd0000 - 0x00007ff889c73000 	C:\WINDOWS\System32\ADVAPI32.dll
0x00007ff8886c0000 - 0x00007ff88875e000 	C:\WINDOWS\System32\msvcrt.dll
0x00007ff887dd0000 - 0x00007ff887e67000 	C:\WINDOWS\System32\sechost.dll
0x00007ff8891b0000 - 0x00007ff8892d0000 	C:\WINDOWS\System32\RPCRT4.dll
0x00007ff888970000 - 0x00007ff888b04000 	C:\WINDOWS\System32\USER32.dll
0x00007ff887830000 - 0x00007ff887851000 	C:\WINDOWS\System32\win32u.dll
0x00007ff8887f0000 - 0x00007ff888816000 	C:\WINDOWS\System32\GDI32.dll
0x00007ff887a00000 - 0x00007ff887b96000 	C:\WINDOWS\System32\gdi32full.dll
0x00007ff887860000 - 0x00007ff8878fe000 	C:\WINDOWS\System32\msvcp_win.dll
0x00007ff887900000 - 0x00007ff8879fa000 	C:\WINDOWS\System32\ucrtbase.dll
0x00007ff86db10000 - 0x00007ff86dd94000 	C:\WINDOWS\WinSxS\amd64_microsoft.windows.common-controls_6595b64144ccf1df_6.0.18362.1139_none_9e7bf2d3e4605ac6\COMCTL32.dll
0x00007ff888e10000 - 0x00007ff889145000 	C:\WINDOWS\System32\combase.dll
0x00007ff887cf0000 - 0x00007ff887d70000 	C:\WINDOWS\System32\bcryptPrimitives.dll
0x00007ff8885c0000 - 0x00007ff8885ee000 	C:\WINDOWS\System32\IMM32.DLL
0x000000006b5a0000 - 0x000000006b672000 	C:\Program Files\Android\Android Studio\jre\jre\bin\msvcr100.dll
0x00000000699c0000 - 0x000000006a20b000 	C:\Program Files\Android\Android Studio\jre\jre\bin\server\jvm.dll
0x00007ff889380000 - 0x00007ff889388000 	C:\WINDOWS\System32\PSAPI.DLL
0x00007ff8848e0000 - 0x00007ff884904000 	C:\WINDOWS\SYSTEM32\WINMM.dll
0x00007ff876050000 - 0x00007ff876059000 	C:\WINDOWS\SYSTEM32\WSOCK32.dll
0x00007ff888b10000 - 0x00007ff888b7f000 	C:\WINDOWS\System32\WS2_32.dll
0x00007ff87cd10000 - 0x00007ff87cd1a000 	C:\WINDOWS\SYSTEM32\VERSION.dll
0x00007ff884870000 - 0x00007ff88489d000 	C:\WINDOWS\SYSTEM32\winmmbase.dll
0x00007ff886c50000 - 0x00007ff886c9a000 	C:\WINDOWS\System32\cfgmgr32.dll
0x00007ff878a50000 - 0x00007ff878a5f000 	C:\Program Files\Android\Android Studio\jre\jre\bin\verify.dll
0x00007ff869db0000 - 0x00007ff869dd9000 	C:\Program Files\Android\Android Studio\jre\jre\bin\java.dll
0x00007ff874cd0000 - 0x00007ff874ce6000 	C:\Program Files\Android\Android Studio\jre\jre\bin\zip.dll
0x00007ff887e70000 - 0x00007ff888557000 	C:\WINDOWS\System32\SHELL32.dll
0x00007ff889b20000 - 0x00007ff889bc9000 	C:\WINDOWS\System32\shcore.dll
0x00007ff886f50000 - 0x00007ff8876d0000 	C:\WINDOWS\System32\windows.storage.dll
0x00007ff886bb0000 - 0x00007ff886bd3000 	C:\WINDOWS\System32\profapi.dll
0x00007ff886be0000 - 0x00007ff886c2a000 	C:\WINDOWS\System32\powrprof.dll
0x00007ff886b80000 - 0x00007ff886b90000 	C:\WINDOWS\System32\UMPDC.dll
0x00007ff888560000 - 0x00007ff8885b2000 	C:\WINDOWS\System32\shlwapi.dll
0x00007ff886b90000 - 0x00007ff886ba1000 	C:\WINDOWS\System32\kernel.appcore.dll
0x00007ff887810000 - 0x00007ff887827000 	C:\WINDOWS\System32\cryptsp.dll
0x00007ff870000000 - 0x00007ff87001a000 	C:\Program Files\Android\Android Studio\jre\jre\bin\net.dll
0x00007ff8863d0000 - 0x00007ff886437000 	C:\WINDOWS\system32\mswsock.dll
0x00007ff868a40000 - 0x00007ff868a53000 	C:\Program Files\Android\Android Studio\jre\jre\bin\nio.dll
0x00007ff867780000 - 0x00007ff8677a7000 	C:\Users\hala\.gradle\native\f6784746aeab05261644944871eae4fe03e0ef1612fff0a4a95f87b438bc6780\windows-amd64\native-platform.dll
0x00007ff878a40000 - 0x00007ff878a4d000 	C:\Program Files\Android\Android Studio\jre\jre\bin\management.dll
0x00007ff885f40000 - 0x00007ff885f73000 	C:\WINDOWS\system32\rsaenh.dll
0x00007ff8876d0000 - 0x00007ff8876f6000 	C:\WINDOWS\System32\bcrypt.dll
0x00007ff886a60000 - 0x00007ff886a85000 	C:\WINDOWS\SYSTEM32\USERENV.dll
0x00007ff8865a0000 - 0x00007ff8865ac000 	C:\WINDOWS\SYSTEM32\CRYPTBASE.dll
0x00007ff8860e0000 - 0x00007ff88611a000 	C:\WINDOWS\SYSTEM32\IPHLPAPI.DLL
0x00007ff8887e0000 - 0x00007ff8887e8000 	C:\WINDOWS\System32\NSI.dll
0x00007ff882230000 - 0x00007ff882246000 	C:\WINDOWS\SYSTEM32\dhcpcsvc6.DLL
0x00007ff882030000 - 0x00007ff88204c000 	C:\WINDOWS\SYSTEM32\dhcpcsvc.DLL
0x00007ff886120000 - 0x00007ff8861eb000 	C:\WINDOWS\SYSTEM32\DNSAPI.dll
0x00007ff882550000 - 0x00007ff88255b000 	C:\WINDOWS\SYSTEM32\WINNSI.DLL

VM Arguments:
jvm_args: -Xmx2048m -Dfile.encoding=UTF-8 -Duser.country=US -Duser.language=en -Duser.variant 
java_command: org.gradle.launcher.daemon.bootstrap.GradleDaemon 6.5
java_class_path (initial): C:\Users\hala\.gradle\wrapper\dists\gradle-6.5-bin\6nifqtx7604sqp1q6g8wikw7p\gradle-6.5\lib\gradle-launcher-6.5.jar
Launcher Type: SUN_STANDARD

Environment Variables:
JAVA_HOME=C:\DevSuiteHome_1\jdk\bin
PATH=C:\DevSuiteHome_1\jdk\jre\bin\classic;C:\DevSuiteHome_1\jdk\jre\bin;C:\DevSuiteHome_1\jdk\jre\bin\client;C:\DevSuiteHome_1\jlib;C:\DevSuiteHome_1\bin;C:\DevSuiteHome_1\jre\1.4.2\bin\client;C:\DevSuiteHome_1\jre\1.4.2\bin;C:\oracle\product\10.2.0\db_1\bin;C:\WINDOWS\system32;C:\WINDOWS;C:\WINDOWS\System32\Wbem;C:\WINDOWS\System32\WindowsPowerShell\v1.0\;C:\Program Files (x86)\Common Files\lenovo\easyplussdk\bin;C:\WINDOWS\System32\OpenSSH\;C:\Program Files\Intel\WiFi\bin\;C:\Program Files\Common Files\Intel\WirelessCommon\;C:\Users\hala\AppData\Local\Microsoft\WindowsApps;
USERNAME=hamzeh
OS=Windows_NT
PROCESSOR_IDENTIFIER=Intel64 Family 6 Model 78 Stepping 3, GenuineIntel



---------------  S Y S T E M  ---------------

OS: Windows 10.0 , 64 bit Build 18362 (10.0.18362.1110)

CPU:total 4 (initial active 4) (2 cores per cpu, 2 threads per core) family 6 model 78 stepping 3, cmov, cx8, fxsr, mmx, sse, sse2, sse3, ssse3, sse4.1, sse4.2, popcnt, avx, avx2, aes, clmul, erms, 3dnowpref, lzcnt, ht, tsc, tscinvbit, bmi1, bmi2, adx

Memory: 4k page, physical 8245152k(973848k free), swap 10293152k(5960k free)

vm_info: OpenJDK 64-Bit Server VM (25.242-b01) for windows-amd64 JRE (1.8.0_242-release-1644-b01), built by "builder" with MS VC++ 10.0 (VS2010)

time: Thu Oct 22 10:47:05 2020
timezone: Jordan Daylight Time
elapsed time: 131 seconds (0d 0h 2m 11s)

